[2021-11-23 13:04:30,446] [INFO] - Logging system is configured
[2021-11-23 13:04:30,625] [INFO] - Start genetic world emulation...
[2021-11-23 13:05:41,711] [INFO] - Logging system is configured
[2021-11-23 13:05:41,802] [INFO] - Start genetic world emulation...
[2021-11-23 13:06:04,279] [INFO] - Logging system is configured
[2021-11-23 13:06:04,374] [INFO] - Start genetic world emulation...
[2021-11-23 13:06:04,379] [INFO] - Prepared context for population
[2021-11-23 13:06:04,379] [INFO] - Start world emulation...
[2021-11-23 13:06:05,105] [INFO] - Prepared bots, population
[2021-11-23 13:06:05,105] [INFO] - Start world emulation...
[2021-11-23 13:55:31,630] [INFO] - Emulation is finished
[2021-11-23 17:19:27,039] [INFO] - Logging system is configured
[2021-11-23 17:19:27,215] [INFO] - Start genetic world emulation...
[2021-11-23 17:19:27,221] [INFO] - Prepared context for population
[2021-11-23 17:19:27,222] [INFO] - Start world emulation...
[2021-11-23 17:19:27,990] [INFO] - Prepared bots, population
[2021-11-23 17:19:27,990] [INFO] - Start world emulation...
[2021-11-23 17:19:58,251] [INFO] - Logging system is configured
[2021-11-23 17:19:58,422] [INFO] - Start genetic world emulation...
[2021-11-23 17:19:58,425] [INFO] - Prepared context for population
[2021-11-23 17:19:58,426] [INFO] - Start world emulation...
[2021-11-23 17:19:59,958] [INFO] - Prepared bots, population
[2021-11-23 17:19:59,958] [INFO] - Start world emulation...
[2021-11-23 17:22:24,164] [INFO] - Logging system is configured
[2021-11-23 17:22:24,305] [INFO] - Start genetic world emulation...
[2021-11-23 17:22:24,308] [INFO] - Prepared context for population
[2021-11-23 17:22:24,308] [INFO] - Start world emulation...
[2021-11-23 17:22:25,834] [INFO] - Prepared bots, population
[2021-11-23 17:22:25,834] [INFO] - Start world emulation...
[2021-11-23 17:26:03,334] [INFO] - Logging system is configured
[2021-11-23 17:26:03,431] [INFO] - Start genetic world emulation...
[2021-11-23 17:26:03,435] [INFO] - Prepared context for population
[2021-11-23 17:26:03,435] [INFO] - Start world emulation...
[2021-11-23 17:26:04,900] [INFO] - Prepared bots, population
[2021-11-23 17:26:04,900] [INFO] - Start world emulation...
[2021-11-23 18:26:35,894] [INFO] - Logging system is configured
[2021-11-23 18:26:36,051] [INFO] - Start genetic world emulation...
[2021-11-23 18:26:36,057] [INFO] - Prepared context for population
[2021-11-23 18:26:36,058] [INFO] - Start world emulation...
[2021-11-23 18:26:36,837] [INFO] - Prepared bots, population
[2021-11-23 18:26:36,838] [INFO] - Launch world...
[2021-11-23 18:57:28,485] [INFO] - Emulation is finished
[2021-11-23 18:58:54,804] [INFO] - Logging system is configured
[2021-11-23 18:58:54,904] [INFO] - Start genetic world emulation...
[2021-11-23 18:58:54,908] [INFO] - Prepared context for population
[2021-11-23 18:58:54,908] [INFO] - Start world emulation...
[2021-11-23 18:58:55,672] [INFO] - Prepared bots, population
[2021-11-23 18:58:55,673] [INFO] - Launch world...
[2021-11-23 19:15:04,179] [INFO] - Emulation is finished
[2021-11-23 19:24:33,827] [INFO] - Logging system is configured
[2021-11-23 19:24:33,935] [INFO] - Start genetic world emulation...
[2021-11-23 19:24:33,939] [INFO] - Prepared context for population
[2021-11-23 19:24:33,939] [INFO] - Start world emulation...
[2021-11-23 19:24:34,107] [INFO] - Prepared bots, population
[2021-11-23 19:24:34,107] [INFO] - Launch world...
[2021-11-23 19:58:03,242] [INFO] - Logging system is configured
[2021-11-23 19:58:03,360] [INFO] - Start genetic world emulation...
[2021-11-23 19:58:03,364] [INFO] - Prepared context for population
[2021-11-23 19:58:03,364] [INFO] - Start world emulation...
[2021-11-23 19:58:03,540] [INFO] - Prepared bots, population
[2021-11-23 19:58:03,540] [INFO] - Launch world...
[2021-11-23 19:58:56,224] [INFO] - Logging system is configured
[2021-11-23 19:58:56,317] [INFO] - Start genetic world emulation...
[2021-11-23 19:58:56,322] [INFO] - Prepared context for population
[2021-11-23 19:58:56,322] [INFO] - Start world emulation...
[2021-11-23 19:58:56,503] [INFO] - Prepared bots, population
[2021-11-23 19:58:56,503] [INFO] - Launch world...
[2021-11-23 20:19:23,732] [INFO] - Logging system is configured
[2021-11-23 20:19:23,920] [INFO] - Start genetic world emulation...
[2021-11-23 20:19:23,926] [INFO] - Prepared context for population
[2021-11-23 20:19:23,927] [INFO] - Start world emulation...
[2021-11-23 20:19:24,098] [INFO] - Prepared bots, population
[2021-11-23 20:19:24,099] [INFO] - Launch world...
[2021-11-23 20:42:46,222] [INFO] - Emulation is finished
[2021-11-23 20:48:09,885] [INFO] - Logging system is configured
[2021-11-23 20:48:10,034] [INFO] - Start genetic world emulation...
[2021-11-23 20:48:10,040] [INFO] - Prepared context for population
[2021-11-23 20:48:10,040] [INFO] - Start world emulation...
[2021-11-23 20:48:10,233] [INFO] - Prepared bots, population
[2021-11-23 20:48:10,233] [INFO] - Launch world...
[2021-11-23 21:20:29,999] [INFO] - Logging system is configured
[2021-11-23 21:20:30,136] [INFO] - Start genetic world emulation...
[2021-11-23 21:20:30,142] [INFO] - Prepared context for population
[2021-11-23 21:20:30,142] [INFO] - Start world emulation...
[2021-11-23 21:20:30,337] [INFO] - Prepared bots, population
[2021-11-23 21:20:30,337] [INFO] - Launch world...
[2021-11-23 21:21:22,505] [INFO] - Logging system is configured
[2021-11-23 21:21:22,600] [INFO] - Start genetic world emulation...
[2021-11-23 21:21:22,605] [INFO] - Prepared context for population
[2021-11-23 21:21:22,605] [INFO] - Start world emulation...
[2021-11-23 21:21:22,781] [INFO] - Prepared bots, population
[2021-11-23 21:21:22,781] [INFO] - Launch world...
[2021-11-23 21:22:12,372] [INFO] - Logging system is configured
[2021-11-23 21:22:12,487] [INFO] - Start genetic world emulation...
[2021-11-23 21:22:12,492] [INFO] - Prepared context for population
[2021-11-23 21:22:12,493] [INFO] - Start world emulation...
[2021-11-23 21:22:12,669] [INFO] - Prepared bots, population
[2021-11-23 21:22:12,669] [INFO] - Launch world...
[2021-11-23 21:52:10,311] [INFO] - Emulation is finished
[2021-11-24 14:14:56,192] [INFO] - Logging system is configured
[2021-11-24 14:14:56,330] [INFO] - Start genetic world emulation...
[2021-11-24 14:14:56,337] [INFO] - Prepared context for population
[2021-11-24 14:14:56,338] [INFO] - Start world emulation...
[2021-11-24 14:14:56,538] [INFO] - Prepared bots, population
[2021-11-24 14:14:56,538] [INFO] - Launch world...
[2021-11-24 14:44:36,151] [INFO] - Emulation is finished
[2021-11-24 17:05:35,214] [INFO] - Logging system is configured
[2021-11-24 17:05:35,825] [INFO] - Start genetic world emulation...
[2021-11-24 17:05:35,832] [INFO] - Prepared context for population
[2021-11-24 17:05:35,832] [INFO] - Start world emulation...
[2021-11-24 17:05:35,918] [INFO] - Prepared bots, population
[2021-11-24 17:05:35,918] [INFO] - Launch world...
[2021-11-24 19:34:21,688] [INFO] - Logging system is configured
[2021-11-24 19:34:22,552] [INFO] - Start genetic world emulation...
[2021-11-24 19:34:22,566] [INFO] - Prepared context for population
[2021-11-24 19:34:22,567] [INFO] - Start world emulation...
[2021-11-24 19:34:22,854] [INFO] - Prepared bots, population
[2021-11-24 19:34:22,855] [INFO] - Launch world...
[2021-11-24 19:57:12,305] [INFO] - Logging system is configured
[2021-11-24 19:57:12,625] [INFO] - Start genetic world emulation...
[2021-11-24 19:57:12,630] [INFO] - Prepared context for population
[2021-11-24 19:57:12,630] [INFO] - Start world emulation...
[2021-11-24 19:57:12,726] [INFO] - Prepared bots, population
[2021-11-24 19:57:12,726] [INFO] - Launch world...
[2021-11-24 19:58:04,348] [INFO] - Logging system is configured
[2021-11-24 19:58:04,579] [INFO] - Start genetic world emulation...
[2021-11-24 19:58:04,601] [INFO] - Prepared context for population
[2021-11-24 19:58:04,602] [INFO] - Start world emulation...
[2021-11-24 19:58:04,763] [INFO] - Prepared bots, population
[2021-11-24 19:58:04,763] [INFO] - Launch world...
[2021-11-24 19:59:36,853] [INFO] - Logging system is configured
[2021-11-24 19:59:37,096] [INFO] - Start genetic world emulation...
[2021-11-24 19:59:37,119] [INFO] - Prepared context for population
[2021-11-24 19:59:37,119] [INFO] - Start world emulation...
[2021-11-24 19:59:37,292] [INFO] - Prepared bots, population
[2021-11-24 19:59:37,293] [INFO] - Launch world...
[2021-11-24 20:00:20,582] [INFO] - Logging system is configured
[2021-11-24 20:00:20,848] [INFO] - Start genetic world emulation...
[2021-11-24 20:00:20,869] [INFO] - Prepared context for population
[2021-11-24 20:00:20,869] [INFO] - Start world emulation...
[2021-11-24 20:00:21,056] [INFO] - Prepared bots, population
[2021-11-24 20:00:21,056] [INFO] - Launch world...
[2021-11-24 20:25:10,432] [INFO] - Logging system is configured
[2021-11-24 20:25:11,531] [INFO] - Start genetic world emulation...
[2021-11-24 20:25:11,546] [INFO] - Prepared context for population
[2021-11-24 20:25:11,546] [INFO] - Start world emulation...
[2021-11-24 20:25:11,811] [INFO] - Prepared bots, population
[2021-11-24 20:25:11,811] [INFO] - Launch world...
[2021-11-24 20:49:47,331] [INFO] - Emulation is finished
[2021-11-24 21:16:08,422] [INFO] - Logging system is configured
[2021-11-24 21:16:08,630] [INFO] - Start genetic world emulation...
[2021-11-24 21:16:08,637] [INFO] - Prepared context for population
[2021-11-24 21:16:08,637] [INFO] - Start world emulation...
[2021-11-24 21:16:08,720] [INFO] - Prepared bots, population
[2021-11-24 21:16:08,721] [INFO] - Launch world...
[2021-11-24 21:29:19,897] [INFO] - Emulation is finished
[2021-11-24 21:31:12,761] [INFO] - Logging system is configured
[2021-11-24 21:31:12,957] [INFO] - Start genetic world emulation...
[2021-11-24 21:31:12,960] [INFO] - Prepared context for population
[2021-11-24 21:31:12,960] [INFO] - Start world emulation...
[2021-11-24 21:31:13,048] [INFO] - Prepared bots, population
[2021-11-24 21:31:13,049] [INFO] - Launch world...
[2021-11-24 21:31:39,415] [INFO] - Logging system is configured
[2021-11-24 21:31:39,580] [INFO] - Start genetic world emulation...
[2021-11-24 21:31:39,583] [INFO] - Prepared context for population
[2021-11-24 21:31:39,583] [INFO] - Start world emulation...
[2021-11-24 21:31:39,666] [INFO] - Prepared bots, population
[2021-11-24 21:31:39,666] [INFO] - Launch world...
[2021-11-24 21:32:34,960] [INFO] - Logging system is configured
[2021-11-24 21:32:35,137] [INFO] - Start genetic world emulation...
[2021-11-24 21:32:35,144] [INFO] - Prepared context for population
[2021-11-24 21:32:35,144] [INFO] - Start world emulation...
[2021-11-24 21:32:35,242] [INFO] - Prepared bots, population
[2021-11-24 21:32:35,242] [INFO] - Launch world...
[2021-11-24 21:36:31,139] [INFO] - Emulation is finished
[2021-11-25 13:20:47,554] [INFO] - Logging system is configured
[2021-11-25 13:20:47,733] [INFO] - Start genetic world emulation...
[2021-11-25 13:20:47,737] [INFO] - Prepared context for population
[2021-11-25 13:20:47,738] [INFO] - Start world emulation...
[2021-11-25 13:20:48,172] [INFO] - Prepared bots, population
[2021-11-25 13:20:48,172] [INFO] - Launch world...
[2021-11-25 13:21:59,997] [INFO] - Logging system is configured
[2021-11-25 13:22:00,158] [INFO] - Start genetic world emulation...
[2021-11-25 13:22:00,161] [INFO] - Prepared context for population
[2021-11-25 13:22:00,161] [INFO] - Start world emulation...
[2021-11-25 13:22:00,578] [INFO] - Prepared bots, population
[2021-11-25 13:22:00,578] [INFO] - Launch world...
[2021-11-25 13:23:47,906] [INFO] - Logging system is configured
[2021-11-25 13:23:48,082] [INFO] - Start genetic world emulation...
[2021-11-25 13:23:48,089] [INFO] - Prepared context for population
[2021-11-25 13:23:48,089] [INFO] - Start world emulation...
[2021-11-25 13:23:48,509] [INFO] - Prepared bots, population
[2021-11-25 13:23:48,509] [INFO] - Launch world...
[2021-11-25 13:53:00,773] [INFO] - Emulation is finished
[2021-11-25 13:56:17,034] [INFO] - Logging system is configured
[2021-11-25 13:56:17,201] [INFO] - Start genetic world emulation...
[2021-11-25 13:56:17,207] [INFO] - Prepared context for population
[2021-11-25 13:56:17,207] [INFO] - Start world emulation...
[2021-11-25 13:56:17,625] [INFO] - Prepared bots, population
[2021-11-25 13:56:17,625] [INFO] - Launch world...
[2021-11-25 14:06:17,941] [INFO] - Logging system is configured
[2021-11-25 14:06:18,120] [INFO] - Start genetic world emulation...
[2021-11-25 14:06:18,130] [INFO] - Prepared context for population
[2021-11-25 14:06:18,130] [INFO] - Start world emulation...
[2021-11-25 14:06:18,538] [INFO] - Prepared bots, population
[2021-11-25 14:06:18,538] [INFO] - Launch world...
[2021-11-25 14:14:42,142] [INFO] - Logging system is configured
[2021-11-25 14:14:42,319] [INFO] - Start genetic world emulation...
[2021-11-25 14:14:42,323] [INFO] - Prepared context for population
[2021-11-25 14:14:42,323] [INFO] - Start world emulation...
[2021-11-25 14:14:42,791] [INFO] - Prepared bots, population
[2021-11-25 14:14:42,791] [INFO] - Launch world...
[2021-11-25 14:34:39,707] [INFO] - Logging system is configured
[2021-11-25 14:34:39,881] [INFO] - Start genetic world emulation...
[2021-11-25 14:34:39,884] [INFO] - Prepared context for population
[2021-11-25 14:34:39,884] [INFO] - Start world emulation...
[2021-11-25 14:34:40,275] [INFO] - Prepared bots, population
[2021-11-25 14:34:40,275] [INFO] - Launch world...
[2021-11-25 14:35:22,699] [INFO] - Logging system is configured
[2021-11-25 14:35:22,863] [INFO] - Start genetic world emulation...
[2021-11-25 14:35:22,867] [INFO] - Prepared context for population
[2021-11-25 14:35:22,867] [INFO] - Start world emulation...
[2021-11-25 14:35:23,285] [INFO] - Prepared bots, population
[2021-11-25 14:35:23,285] [INFO] - Launch world...
[2021-11-25 14:37:33,573] [INFO] - Logging system is configured
[2021-11-25 14:37:33,750] [INFO] - Start genetic world emulation...
[2021-11-25 14:37:33,757] [INFO] - Prepared context for population
[2021-11-25 14:37:33,757] [INFO] - Start world emulation...
[2021-11-25 14:37:34,359] [INFO] - Prepared bots, population
[2021-11-25 14:37:34,359] [INFO] - Launch world...
[2021-11-25 15:22:27,950] [INFO] - Logging system is configured
[2021-11-25 15:22:28,110] [INFO] - Start genetic world emulation...
[2021-11-25 15:22:28,114] [INFO] - Prepared context for population
[2021-11-25 15:22:28,114] [INFO] - Start world emulation...
[2021-11-25 15:22:28,713] [INFO] - Prepared bots, population
[2021-11-25 15:22:28,713] [INFO] - Launch world...
[2021-11-25 15:47:02,648] [INFO] - Logging system is configured
[2021-11-25 15:47:02,802] [INFO] - Start genetic world emulation...
[2021-11-25 15:47:02,806] [INFO] - Prepared context for population
[2021-11-25 15:47:02,806] [INFO] - Start world emulation...
[2021-11-25 15:47:03,475] [INFO] - Prepared bots, population
[2021-11-25 15:47:03,475] [INFO] - Launch world...
[2021-11-25 16:32:23,731] [INFO] - Logging system is configured
[2021-11-25 16:32:24,043] [INFO] - Start genetic world emulation...
[2021-11-25 16:32:24,050] [INFO] - Prepared context for population
[2021-11-25 16:32:24,050] [INFO] - Start world emulation...
[2021-11-25 16:32:25,224] [INFO] - Prepared bots, population
[2021-11-25 16:32:25,224] [INFO] - Launch world...
[2021-11-25 16:32:59,872] [INFO] - Logging system is configured
[2021-11-25 16:33:00,344] [INFO] - Start genetic world emulation...
[2021-11-25 16:33:00,353] [INFO] - Prepared context for population
[2021-11-25 16:33:00,353] [INFO] - Start world emulation...
[2021-11-25 16:33:03,128] [INFO] - Prepared bots, population
[2021-11-25 16:33:03,131] [INFO] - Launch world...
[2021-11-25 16:35:23,753] [INFO] - Logging system is configured
[2021-11-25 16:35:23,993] [INFO] - Start genetic world emulation...
[2021-11-25 16:35:23,999] [INFO] - Prepared context for population
[2021-11-25 16:35:23,999] [INFO] - Start world emulation...
[2021-11-25 16:35:25,085] [INFO] - Prepared bots, population
[2021-11-25 16:35:25,085] [INFO] - Launch world...
[2021-11-25 16:40:26,822] [INFO] - Logging system is configured
[2021-11-25 16:40:26,976] [INFO] - Start genetic world emulation...
[2021-11-25 16:40:26,983] [INFO] - Prepared context for population
[2021-11-25 16:40:26,984] [INFO] - Start world emulation...
[2021-11-25 16:40:27,727] [INFO] - Prepared bots, population
[2021-11-25 16:40:27,728] [INFO] - Launch world...
[2021-11-25 16:42:01,722] [INFO] - Logging system is configured
[2021-11-25 16:42:01,921] [INFO] - Start genetic world emulation...
[2021-11-25 16:42:01,926] [INFO] - Prepared context for population
[2021-11-25 16:42:01,926] [INFO] - Start world emulation...
[2021-11-25 16:42:02,686] [INFO] - Prepared bots, population
[2021-11-25 16:42:02,686] [INFO] - Launch world...
[2021-11-25 17:18:30,726] [INFO] - Logging system is configured
[2021-11-25 17:18:30,931] [INFO] - Start genetic world emulation...
[2021-11-25 17:18:30,937] [INFO] - Prepared context for population
[2021-11-25 17:18:30,937] [INFO] - Start world emulation...
[2021-11-25 17:18:31,645] [INFO] - Prepared bots, population
[2021-11-25 17:18:31,646] [INFO] - Launch world...
[2021-11-25 17:22:37,915] [INFO] - Logging system is configured
[2021-11-25 17:22:38,087] [INFO] - Start genetic world emulation...
[2021-11-25 17:22:38,092] [INFO] - Prepared context for population
[2021-11-25 17:22:38,092] [INFO] - Start world emulation...
[2021-11-25 17:22:38,846] [INFO] - Prepared bots, population
[2021-11-25 17:22:38,846] [INFO] - Launch world...
[2021-11-25 17:24:24,923] [INFO] - Logging system is configured
[2021-11-25 17:24:25,061] [INFO] - Start genetic world emulation...
[2021-11-25 17:24:25,066] [INFO] - Prepared context for population
[2021-11-25 17:24:25,066] [INFO] - Start world emulation...
[2021-11-25 17:24:25,238] [INFO] - Prepared bots, population
[2021-11-25 17:24:25,239] [INFO] - Launch world...
[2021-11-25 17:25:17,032] [INFO] - Logging system is configured
[2021-11-25 17:25:17,192] [INFO] - Start genetic world emulation...
[2021-11-25 17:25:17,196] [INFO] - Prepared context for population
[2021-11-25 17:25:17,196] [INFO] - Start world emulation...
[2021-11-25 17:25:17,366] [INFO] - Prepared bots, population
[2021-11-25 17:25:17,366] [INFO] - Launch world...
[2021-11-25 17:35:38,947] [INFO] - Logging system is configured
[2021-11-25 17:35:39,103] [INFO] - Start genetic world emulation...
[2021-11-25 17:35:39,107] [INFO] - Prepared context for population
[2021-11-25 17:35:39,107] [INFO] - Start world emulation...
[2021-11-25 17:35:39,269] [INFO] - Prepared bots, population
[2021-11-25 17:35:39,269] [INFO] - Launch world...
[2021-11-25 17:40:11,317] [INFO] - Logging system is configured
[2021-11-25 17:40:11,475] [INFO] - Start genetic world emulation...
[2021-11-25 17:40:11,478] [INFO] - Prepared context for population
[2021-11-25 17:40:11,479] [INFO] - Start world emulation...
[2021-11-25 17:40:11,640] [INFO] - Prepared bots, population
[2021-11-25 17:40:11,641] [INFO] - Launch world...
[2021-11-25 17:42:09,035] [INFO] - Logging system is configured
[2021-11-25 17:42:09,178] [INFO] - Start genetic world emulation...
[2021-11-25 17:42:09,182] [INFO] - Prepared context for population
[2021-11-25 17:42:09,182] [INFO] - Start world emulation...
[2021-11-25 17:42:09,341] [INFO] - Prepared bots, population
[2021-11-25 17:42:09,342] [INFO] - Launch world...
[2021-11-25 18:09:01,249] [INFO] - Emulation is finished
[2021-11-25 18:09:37,811] [INFO] - Logging system is configured
[2021-11-25 18:09:37,960] [INFO] - Start genetic world emulation...
[2021-11-25 18:09:37,964] [INFO] - Prepared context for population
[2021-11-25 18:09:37,964] [INFO] - Start world emulation...
[2021-11-25 18:09:38,141] [INFO] - Prepared bots, population
[2021-11-25 18:09:38,141] [INFO] - Launch world...
[2021-11-25 18:10:51,047] [INFO] - Logging system is configured
[2021-11-25 18:10:51,184] [INFO] - Start genetic world emulation...
[2021-11-25 18:10:51,195] [INFO] - Prepared context for population
[2021-11-25 18:10:51,195] [INFO] - Start world emulation...
[2021-11-25 18:10:51,369] [INFO] - Prepared bots, population
[2021-11-25 18:10:51,370] [INFO] - Launch world...
[2021-11-25 18:16:35,740] [INFO] - Logging system is configured
[2021-11-25 18:16:35,949] [INFO] - Start genetic world emulation...
[2021-11-25 18:16:35,982] [INFO] - Prepared context for population
[2021-11-25 18:16:35,983] [INFO] - Start world emulation...
[2021-11-25 18:16:36,291] [INFO] - Prepared bots, population
[2021-11-25 18:16:36,291] [INFO] - Launch world...
[2021-11-25 18:28:01,226] [INFO] - Logging system is configured
[2021-11-25 18:28:01,378] [INFO] - Start genetic world emulation...
[2021-11-25 18:28:01,384] [INFO] - Prepared context for population
[2021-11-25 18:28:01,384] [INFO] - Start world emulation...
[2021-11-25 18:28:01,540] [INFO] - Prepared bots, population
[2021-11-25 18:28:01,540] [INFO] - Launch world...
[2021-11-25 18:38:26,411] [INFO] - Emulation is finished
[2021-11-25 19:13:10,609] [INFO] - Logging system is configured
[2021-11-25 19:13:10,937] [INFO] - Start genetic world emulation...
[2021-11-25 19:13:10,944] [INFO] - Prepared context for population
[2021-11-25 19:13:10,944] [INFO] - Start world emulation...
[2021-11-25 19:13:11,126] [INFO] - Prepared bots, population
[2021-11-25 19:13:11,126] [INFO] - Launch world...
[2021-11-25 19:32:46,139] [INFO] - Emulation is finished
[2021-11-25 19:54:03,900] [INFO] - Logging system is configured
[2021-11-25 19:54:04,043] [INFO] - Start genetic world emulation...
[2021-11-25 19:54:04,053] [INFO] - Prepared context for population
[2021-11-25 19:54:04,053] [INFO] - Start world emulation...
[2021-11-25 19:54:04,212] [INFO] - Prepared bots, population
[2021-11-25 19:54:04,212] [INFO] - Launch world...
[2021-11-25 20:10:45,154] [INFO] - Logging system is configured
[2021-11-25 20:10:45,307] [INFO] - Start genetic world emulation...
[2021-11-25 20:10:45,310] [INFO] - Prepared context for population
[2021-11-25 20:10:45,310] [INFO] - Start world emulation...
[2021-11-25 20:10:45,476] [INFO] - Prepared bots, population
[2021-11-25 20:10:45,476] [INFO] - Launch world...
[2021-11-25 20:37:47,974] [INFO] - Emulation is finished
[2021-11-25 20:39:18,402] [INFO] - Logging system is configured
[2021-11-25 20:39:18,811] [INFO] - Start genetic world emulation...
[2021-11-25 20:39:18,820] [INFO] - Prepared context for population
[2021-11-25 20:39:18,820] [INFO] - Start world emulation...
[2021-11-25 20:39:19,132] [INFO] - Prepared bots, population
[2021-11-25 20:39:19,132] [INFO] - Launch world...
[2021-11-25 21:12:42,346] [INFO] - Emulation is finished
[2021-11-26 14:19:44,206] [INFO] - Logging system is configured
[2021-11-26 14:19:44,594] [INFO] - Start genetic world emulation...
[2021-11-26 14:19:44,607] [INFO] - Prepared context for population
[2021-11-26 14:19:44,608] [INFO] - Start world emulation...
[2021-11-26 14:19:44,956] [INFO] - Prepared bots, population
[2021-11-26 14:19:44,956] [INFO] - Launch world...
[2021-11-26 14:45:01,073] [INFO] - Emulation is finished
[2021-11-26 14:53:19,486] [INFO] - Logging system is configured
[2021-11-26 14:53:19,642] [INFO] - Start genetic world emulation...
[2021-11-26 14:53:19,646] [INFO] - Prepared context for population
[2021-11-26 14:53:19,646] [INFO] - Start world emulation...
[2021-11-26 14:53:19,814] [INFO] - Prepared bots, population
[2021-11-26 14:53:19,814] [INFO] - Launch world...
[2021-11-26 15:13:36,078] [INFO] - Emulation is finished
[2021-11-26 20:43:01,614] [INFO] - Logging system is configured
[2021-11-26 20:43:02,091] [INFO] - Start genetic world emulation...
[2021-11-26 20:43:02,109] [INFO] - Prepared context for population
[2021-11-26 20:43:02,109] [INFO] - Start world emulation...
[2021-11-26 20:43:02,371] [INFO] - Prepared bots, population
[2021-11-26 20:43:02,371] [INFO] - Launch world...
[2021-11-26 21:01:54,941] [INFO] - Logging system is configured
[2021-11-26 21:01:55,371] [INFO] - Start genetic world emulation...
[2021-11-26 21:01:55,376] [INFO] - Prepared context for population
[2021-11-26 21:01:55,376] [INFO] - Start world emulation...
[2021-11-26 21:01:55,580] [INFO] - Prepared bots, population
[2021-11-26 21:01:55,580] [INFO] - Launch world...
[2021-11-26 21:26:58,988] [INFO] - Emulation is finished
[2021-11-30 12:59:04,803] [INFO] - Logging system is configured
[2021-11-30 12:59:05,019] [INFO] - Start genetic world emulation...
[2021-11-30 12:59:05,023] [INFO] - Prepared context for population
[2021-11-30 12:59:05,023] [INFO] - Start world emulation...
[2021-11-30 12:59:05,192] [INFO] - Prepared bots, population
[2021-11-30 12:59:05,192] [INFO] - Launch world...
[2021-11-30 13:31:05,111] [INFO] - Emulation is finished
[2021-11-30 13:32:33,361] [INFO] - Logging system is configured
[2021-11-30 13:32:33,458] [INFO] - Start genetic world emulation...
[2021-11-30 13:32:33,462] [INFO] - Prepared context for population
[2021-11-30 13:32:33,462] [INFO] - Start world emulation...
[2021-11-30 13:32:33,616] [INFO] - Prepared bots, population
[2021-11-30 13:32:33,616] [INFO] - Launch world...
[2021-11-30 13:59:33,337] [INFO] - Emulation is finished
[2021-11-30 14:14:15,160] [INFO] - Logging system is configured
[2021-11-30 14:14:15,310] [INFO] - Start genetic world emulation...
[2021-11-30 14:14:15,317] [INFO] - Prepared context for population
[2021-11-30 14:14:15,317] [INFO] - Start world emulation...
[2021-11-30 14:14:15,490] [INFO] - Prepared bots, population
[2021-11-30 14:14:15,490] [INFO] - Launch world...
[2021-11-30 14:38:05,606] [INFO] - Logging system is configured
[2021-11-30 14:38:05,856] [INFO] - Start genetic world emulation...
[2021-11-30 14:38:05,860] [INFO] - Prepared context for population
[2021-11-30 14:38:05,860] [INFO] - Start world emulation...
[2021-11-30 14:38:06,053] [INFO] - Prepared bots, population
[2021-11-30 14:38:06,053] [INFO] - Launch world...
[2021-11-30 15:11:05,506] [INFO] - Emulation is finished
[2021-11-30 15:33:06,329] [INFO] - Logging system is configured
[2021-11-30 15:33:06,497] [INFO] - Start genetic world emulation...
[2021-11-30 15:33:06,502] [INFO] - Prepared context for population
[2021-11-30 15:33:06,503] [INFO] - Start world emulation...
[2021-11-30 15:33:06,687] [INFO] - Prepared bots, population
[2021-11-30 15:33:06,687] [INFO] - Launch world...
[2021-11-30 15:40:04,365] [INFO] - Logging system is configured
[2021-11-30 15:40:04,515] [INFO] - Start genetic world emulation...
[2021-11-30 15:40:04,521] [INFO] - Prepared context for population
[2021-11-30 15:40:04,521] [INFO] - Start world emulation...
[2021-11-30 15:40:04,713] [INFO] - Prepared bots, population
[2021-11-30 15:40:04,713] [INFO] - Launch world...
[2021-11-30 16:13:06,716] [INFO] - Emulation is finished
[2021-11-30 17:41:05,364] [INFO] - Logging system is configured
[2021-11-30 17:41:05,622] [INFO] - Start genetic world emulation...
[2021-11-30 17:41:37,240] [INFO] - Logging system is configured
[2021-11-30 17:41:37,339] [INFO] - Start genetic world emulation...
[2021-11-30 17:41:37,344] [INFO] - Prepared context for population
[2021-11-30 17:41:37,344] [INFO] - Start world emulation...
[2021-11-30 17:41:37,537] [INFO] - Prepared bots, population
[2021-11-30 17:41:37,537] [INFO] - Launch world...
[2021-11-30 18:11:37,240] [INFO] - Emulation is finished
[2021-12-04 13:32:02,106] [INFO] - Logging system is configured
[2021-12-04 13:32:02,530] [INFO] - Start genetic world emulation...
[2021-12-04 13:32:02,540] [INFO] - Prepared context for population
[2021-12-04 13:32:02,540] [INFO] - Start world emulation...
[2021-12-04 13:32:02,665] [INFO] - Prepared bots, population
[2021-12-04 13:32:02,665] [INFO] - Launch world...
[2021-12-04 13:34:22,811] [INFO] - Logging system is configured
[2021-12-04 13:34:22,921] [INFO] - Start genetic world emulation...
[2021-12-04 13:34:22,925] [INFO] - Prepared context for population
[2021-12-04 13:34:22,925] [INFO] - Start world emulation...
[2021-12-04 13:34:23,043] [INFO] - Prepared bots, population
[2021-12-04 13:34:23,044] [INFO] - Launch world...
[2021-12-04 13:39:50,892] [INFO] - Emulation is finished
[2021-12-04 14:11:52,576] [INFO] - Logging system is configured
[2021-12-04 14:11:52,686] [INFO] - Start genetic world emulation...
[2021-12-04 14:11:52,692] [INFO] - Prepared context for population
[2021-12-04 14:11:52,692] [INFO] - Start world emulation...
[2021-12-04 14:11:52,817] [INFO] - Prepared bots, population
[2021-12-04 14:11:52,817] [INFO] - Launch world...
[2021-12-04 14:17:44,336] [INFO] - Emulation is finished
[2021-12-04 14:42:51,495] [INFO] - Logging system is configured
[2021-12-04 14:42:51,605] [INFO] - Start genetic world emulation...
[2021-12-04 14:42:51,610] [INFO] - Prepared context for population
[2021-12-04 14:42:51,610] [INFO] - Start world emulation...
[2021-12-04 14:42:51,739] [INFO] - Prepared bots, population
[2021-12-04 14:42:51,739] [INFO] - Launch world...
[2021-12-04 14:50:19,977] [INFO] - Emulation is finished
[2021-12-04 14:51:27,097] [INFO] - Logging system is configured
[2021-12-04 14:51:27,210] [INFO] - Start genetic world emulation...
[2021-12-04 14:51:27,215] [INFO] - Prepared context for population
[2021-12-04 14:51:27,216] [INFO] - Start world emulation...
[2021-12-04 14:51:27,344] [INFO] - Prepared bots, population
[2021-12-04 14:51:27,345] [INFO] - Launch world...
[2021-12-04 14:51:58,686] [INFO] - Logging system is configured
[2021-12-04 14:51:58,797] [INFO] - Start genetic world emulation...
[2021-12-04 14:51:58,802] [INFO] - Prepared context for population
[2021-12-04 14:51:58,803] [INFO] - Start world emulation...
[2021-12-04 14:51:58,916] [INFO] - Prepared bots, population
[2021-12-04 14:51:58,917] [INFO] - Launch world...
[2021-12-04 14:59:16,110] [INFO] - Emulation is finished
[2021-12-04 15:21:54,138] [INFO] - Logging system is configured
[2021-12-04 15:21:54,247] [INFO] - Start genetic world emulation...
[2021-12-04 15:21:54,252] [INFO] - Prepared context for population
[2021-12-04 15:21:54,253] [INFO] - Start world emulation...
[2021-12-04 15:21:54,375] [INFO] - Prepared bots, population
[2021-12-04 15:21:54,376] [INFO] - Launch world...
[2021-12-04 15:29:34,576] [INFO] - Emulation is finished
[2021-12-04 15:33:35,707] [INFO] - Logging system is configured
[2021-12-04 15:33:35,816] [INFO] - Start genetic world emulation...
[2021-12-04 15:33:35,823] [INFO] - Prepared context for population
[2021-12-04 15:33:35,823] [INFO] - Start world emulation...
[2021-12-04 15:33:35,942] [INFO] - Prepared bots, population
[2021-12-04 15:33:35,942] [INFO] - Launch world...
[2021-12-04 15:40:40,927] [INFO] - Emulation is finished
[2021-12-04 15:56:55,080] [INFO] - Logging system is configured
[2021-12-04 15:56:55,192] [INFO] - Start genetic world emulation...
[2021-12-04 15:56:55,198] [INFO] - Prepared context for population
[2021-12-04 15:56:55,199] [INFO] - Start world emulation...
[2021-12-04 15:56:55,310] [INFO] - Prepared bots, population
[2021-12-04 15:56:55,310] [INFO] - Launch world...
[2021-12-04 16:03:19,409] [INFO] - Emulation is finished
[2021-12-04 16:17:13,729] [INFO] - Logging system is configured
[2021-12-04 16:17:13,844] [INFO] - Start genetic world emulation...
[2021-12-04 16:17:13,849] [INFO] - Prepared context for population
[2021-12-04 16:17:13,849] [INFO] - Start world emulation...
[2021-12-04 16:17:13,963] [INFO] - Prepared bots, population
[2021-12-04 16:17:13,963] [INFO] - Launch world...
[2021-12-04 16:22:59,477] [INFO] - Emulation is finished
[2021-12-04 16:33:58,608] [INFO] - Logging system is configured
[2021-12-04 16:33:58,729] [INFO] - Start genetic world emulation...
[2021-12-04 16:33:58,734] [INFO] - Prepared context for population
[2021-12-04 16:33:58,734] [INFO] - Start world emulation...
[2021-12-04 16:33:58,857] [INFO] - Prepared bots, population
[2021-12-04 16:33:58,857] [INFO] - Launch world...
[2021-12-04 16:40:14,072] [INFO] - Emulation is finished
[2021-12-04 16:59:01,769] [INFO] - Logging system is configured
[2021-12-04 16:59:01,878] [INFO] - Start genetic world emulation...
[2021-12-04 16:59:01,897] [INFO] - Prepared context for population
[2021-12-04 16:59:01,897] [INFO] - Start world emulation...
[2021-12-04 16:59:02,007] [INFO] - Prepared bots, population
[2021-12-04 16:59:02,007] [INFO] - Launch world...
[2021-12-04 17:07:20,782] [INFO] - Emulation is finished
[2021-12-05 00:06:55,891] [INFO] - Logging system is configured
[2021-12-05 00:06:56,006] [INFO] - Start genetic world emulation...
[2021-12-05 00:06:56,012] [INFO] - Prepared context for population
[2021-12-05 00:06:56,012] [INFO] - Start world emulation...
[2021-12-05 00:06:56,140] [INFO] - Prepared bots, population
[2021-12-05 00:06:56,140] [INFO] - Launch world...
[2021-12-05 00:14:35,925] [INFO] - Emulation is finished
[2021-12-05 00:15:34,626] [INFO] - Logging system is configured
[2021-12-05 00:15:34,740] [INFO] - Start genetic world emulation...
[2021-12-05 00:15:34,747] [INFO] - Prepared context for population
[2021-12-05 00:15:34,747] [INFO] - Start world emulation...
[2021-12-05 00:15:34,868] [INFO] - Prepared bots, population
[2021-12-05 00:15:34,869] [INFO] - Launch world...
[2021-12-05 00:39:22,087] [INFO] - Emulation is finished
[2021-12-05 01:09:22,329] [INFO] - Logging system is configured
[2021-12-05 01:09:22,441] [INFO] - Start genetic world emulation...
[2021-12-05 01:09:22,448] [INFO] - Prepared context for population
[2021-12-05 01:09:22,449] [INFO] - Start world emulation...
[2021-12-05 01:09:22,565] [INFO] - Prepared bots, population
[2021-12-05 01:09:22,565] [INFO] - Launch world...
[2021-12-05 01:25:47,505] [INFO] - Emulation is finished
[2021-12-05 01:26:39,701] [INFO] - Logging system is configured
[2021-12-05 01:26:39,808] [INFO] - Start genetic world emulation...
[2021-12-05 01:26:39,815] [INFO] - Prepared context for population
[2021-12-05 01:26:39,815] [INFO] - Start world emulation...
[2021-12-05 01:26:39,954] [INFO] - Prepared bots, population
[2021-12-05 01:26:39,954] [INFO] - Launch world...
[2021-12-05 01:45:06,892] [INFO] - Logging system is configured
[2021-12-05 01:45:07,003] [INFO] - Start genetic world emulation...
[2021-12-05 01:45:07,010] [INFO] - Prepared context for population
[2021-12-05 01:45:07,010] [INFO] - Start world emulation...
[2021-12-05 01:45:07,147] [INFO] - Prepared bots, population
[2021-12-05 01:45:07,147] [INFO] - Launch world...
[2021-12-05 02:06:36,177] [INFO] - Emulation is finished
[2021-12-05 11:19:33,976] [INFO] - Logging system is configured
[2021-12-05 11:19:34,091] [INFO] - Start genetic world emulation...
[2021-12-05 11:19:34,098] [INFO] - Prepared context for population
[2021-12-05 11:19:34,098] [INFO] - Start world emulation...
[2021-12-05 11:19:34,235] [INFO] - Prepared bots, population
[2021-12-05 11:19:34,235] [INFO] - Launch world...
[2021-12-05 11:28:18,772] [INFO] - Logging system is configured
[2021-12-05 11:28:18,897] [INFO] - Start genetic world emulation...
[2021-12-05 11:28:18,903] [INFO] - Prepared context for population
[2021-12-05 11:28:18,904] [INFO] - Start world emulation...
[2021-12-05 11:28:19,047] [INFO] - Prepared bots, population
[2021-12-05 11:28:19,047] [INFO] - Launch world...
[2021-12-05 11:28:57,063] [INFO] - Logging system is configured
[2021-12-05 11:28:57,183] [INFO] - Start genetic world emulation...
[2021-12-05 11:28:57,189] [INFO] - Prepared context for population
[2021-12-05 11:28:57,190] [INFO] - Start world emulation...
[2021-12-05 11:28:57,341] [INFO] - Prepared bots, population
[2021-12-05 11:28:57,341] [INFO] - Launch world...
[2021-12-05 12:05:15,697] [INFO] - Emulation is finished
[2021-12-05 12:30:49,937] [INFO] - Logging system is configured
[2021-12-05 12:30:50,048] [INFO] - Start genetic world emulation...
[2021-12-05 12:30:50,056] [INFO] - Prepared context for population
[2021-12-05 12:30:50,056] [INFO] - Start world emulation...
[2021-12-05 12:30:50,207] [INFO] - Prepared bots, population
[2021-12-05 12:30:50,207] [INFO] - Launch world...
[2021-12-05 12:39:25,714] [INFO] - Emulation is finished
[2021-12-05 13:17:13,570] [INFO] - Logging system is configured
[2021-12-05 13:17:13,689] [INFO] - Start genetic world emulation...
[2021-12-05 13:17:13,695] [INFO] - Prepared context for population
[2021-12-05 13:17:13,696] [INFO] - Start world emulation...
[2021-12-05 13:17:13,838] [INFO] - Prepared bots, population
[2021-12-05 13:17:13,838] [INFO] - Launch world...
[2021-12-05 13:24:01,326] [INFO] - Logging system is configured
[2021-12-05 13:24:01,438] [INFO] - Start genetic world emulation...
[2021-12-05 13:24:01,445] [INFO] - Prepared context for population
[2021-12-05 13:24:01,445] [INFO] - Start world emulation...
[2021-12-05 13:24:01,590] [INFO] - Prepared bots, population
[2021-12-05 13:24:01,591] [INFO] - Launch world...
[2021-12-05 13:32:25,937] [INFO] - Emulation is finished
[2021-12-05 13:35:15,183] [INFO] - Logging system is configured
[2021-12-05 13:35:15,295] [INFO] - Start genetic world emulation...
[2021-12-05 13:35:15,303] [INFO] - Prepared context for population
[2021-12-05 13:35:15,304] [INFO] - Start world emulation...
[2021-12-05 13:35:15,447] [INFO] - Prepared bots, population
[2021-12-05 13:35:15,447] [INFO] - Launch world...
[2021-12-05 13:44:03,223] [INFO] - Emulation is finished
[2021-12-05 14:00:02,321] [INFO] - Logging system is configured
[2021-12-05 14:00:02,434] [INFO] - Start genetic world emulation...
[2021-12-05 14:00:02,439] [INFO] - Prepared context for population
[2021-12-05 14:00:02,439] [INFO] - Start world emulation...
[2021-12-05 14:00:02,594] [INFO] - Prepared bots, population
[2021-12-05 14:00:02,594] [INFO] - Launch world...
[2021-12-05 14:08:34,854] [INFO] - Emulation is finished
[2021-12-05 14:15:58,312] [INFO] - Logging system is configured
[2021-12-05 14:15:58,422] [INFO] - Start genetic world emulation...
[2021-12-05 14:15:58,428] [INFO] - Prepared context for population
[2021-12-05 14:15:58,428] [INFO] - Start world emulation...
[2021-12-05 14:15:58,572] [INFO] - Prepared bots, population
[2021-12-05 14:15:58,572] [INFO] - Launch world...
[2021-12-05 14:17:58,115] [INFO] - Logging system is configured
[2021-12-05 14:17:58,227] [INFO] - Start genetic world emulation...
[2021-12-05 14:17:58,234] [INFO] - Prepared context for population
[2021-12-05 14:17:58,234] [INFO] - Start world emulation...
[2021-12-05 14:17:58,378] [INFO] - Prepared bots, population
[2021-12-05 14:17:58,378] [INFO] - Launch world...
[2021-12-05 14:32:53,707] [INFO] - Emulation is finished
[2021-12-05 14:34:44,687] [INFO] - Logging system is configured
[2021-12-05 14:34:44,807] [INFO] - Start genetic world emulation...
[2021-12-05 14:34:44,815] [INFO] - Prepared context for population
[2021-12-05 14:34:44,815] [INFO] - Start world emulation...
[2021-12-05 14:34:44,955] [INFO] - Prepared bots, population
[2021-12-05 14:34:44,955] [INFO] - Launch world...
[2021-12-05 14:43:50,247] [INFO] - Logging system is configured
[2021-12-05 14:43:50,361] [INFO] - Start genetic world emulation...
[2021-12-05 14:43:50,370] [INFO] - Prepared context for population
[2021-12-05 14:43:50,370] [INFO] - Start world emulation...
[2021-12-05 14:43:50,507] [INFO] - Prepared bots, population
[2021-12-05 14:43:50,507] [INFO] - Launch world...
[2021-12-05 15:12:55,004] [INFO] - Emulation is finished
[2021-12-05 15:20:37,731] [INFO] - Logging system is configured
[2021-12-05 15:20:37,842] [INFO] - Start genetic world emulation...
[2021-12-05 15:20:37,849] [INFO] - Prepared context for population
[2021-12-05 15:20:37,849] [INFO] - Start world emulation...
[2021-12-05 15:20:37,998] [INFO] - Prepared bots, population
[2021-12-05 15:20:37,998] [INFO] - Launch world...
[2021-12-05 15:29:29,527] [INFO] - Emulation is finished
[2021-12-05 15:32:02,850] [INFO] - Logging system is configured
[2021-12-05 15:32:02,965] [INFO] - Start genetic world emulation...
[2021-12-05 15:32:02,973] [INFO] - Prepared context for population
[2021-12-05 15:32:02,973] [INFO] - Start world emulation...
[2021-12-05 15:32:03,141] [INFO] - Prepared bots, population
[2021-12-05 15:32:03,141] [INFO] - Launch world...
[2021-12-05 15:42:54,031] [INFO] - Emulation is finished
[2021-12-05 15:46:07,575] [INFO] - Logging system is configured
[2021-12-05 15:46:07,692] [INFO] - Start genetic world emulation...
[2021-12-05 15:46:07,698] [INFO] - Prepared context for population
[2021-12-05 15:46:07,698] [INFO] - Start world emulation...
[2021-12-05 15:46:07,985] [INFO] - Prepared bots, population
[2021-12-05 15:46:07,985] [INFO] - Launch world...
[2021-12-05 16:09:23,814] [INFO] - Emulation is finished
[2021-12-05 16:20:47,576] [INFO] - Logging system is configured
[2021-12-05 16:20:47,693] [INFO] - Start genetic world emulation...
[2021-12-05 16:20:47,699] [INFO] - Prepared context for population
[2021-12-05 16:20:47,699] [INFO] - Start world emulation...
[2021-12-05 16:20:47,957] [INFO] - Prepared bots, population
[2021-12-05 16:20:47,957] [INFO] - Launch world...
[2021-12-05 16:39:56,146] [INFO] - Emulation is finished
